2021-05-18 21:31:49,132 INFO c.e.d.c.CartController [main] CartController: Fetching user by username 'test'
2021-05-18 21:31:49,144 INFO c.e.d.c.CartController [main] CartController: Fetching item by id '1'
2021-05-18 21:31:49,145 ERROR c.e.d.c.CartController [main] CartController: item '1' is not found!
2021-05-18 21:31:49,209 INFO c.e.d.c.CartController [main] CartController: Fetching user by username 'test'
2021-05-18 21:31:49,210 ERROR c.e.d.c.CartController [main] CartController: User 'test' is not found!
2021-05-18 21:31:49,220 INFO c.e.d.c.CartController [main] CartController: Fetching user by username 'test'
2021-05-18 21:31:49,221 INFO c.e.d.c.CartController [main] CartController: Fetching item by id '1'
2021-05-18 21:31:49,224 ERROR c.e.d.c.CartController [main] CartController: item '1' is not found!
2021-05-18 21:31:49,230 INFO c.e.d.c.CartController [main] CartController: Fetching user by username 'test'
2021-05-18 21:31:49,234 ERROR c.e.d.c.CartController [main] CartController: User 'test' is not found!
2021-05-18 21:31:49,241 INFO c.e.d.c.CartController [main] CartController: Fetching user by username 'test'
2021-05-18 21:31:49,242 INFO c.e.d.c.CartController [main] CartController: Fetching item by id '1'
2021-05-18 21:31:49,248 INFO c.e.d.c.CartController [main] CartController: item-added cart saved!
2021-05-18 21:31:49,250 INFO c.e.d.c.CartController [main] CartController: Fetching user by username 'test'
2021-05-18 21:31:49,251 INFO c.e.d.c.CartController [main] CartController: Fetching item by id '1'
2021-05-18 21:31:49,251 INFO c.e.d.c.CartController [main] CartController: item-removed cart saved!
2021-05-18 21:32:08,487 INFO c.e.d.c.ItemController [main] ItemController: fetching items by name 'test'
2021-05-18 21:32:08,497 ERROR c.e.d.c.ItemController [main] ItemController: no item is found by name 'test'
2021-05-18 21:32:08,577 INFO c.e.d.c.ItemController [main] ItemController: fetching item by id '1'
2021-05-18 21:32:08,582 INFO c.e.d.c.ItemController [main] ItemController: fetching all items
2021-05-18 21:32:08,586 INFO c.e.d.c.ItemController [main] ItemController: fetching items by name 'test'
2021-05-18 21:32:08,590 ERROR c.e.d.c.ItemController [main] ItemController: no item is found by name 'test'
2021-05-18 21:32:08,591 INFO c.e.d.c.ItemController [main] ItemController: fetching items by name 'item'
2021-05-18 21:32:08,591 INFO c.e.d.c.ItemController [main] ItemController: items found with name 'item'
2021-05-18 21:32:20,133 INFO c.e.d.c.OrderController [main] OrderController: Fetching user by username 'test'
2021-05-18 21:32:20,142 ERROR c.e.d.c.OrderController [main] OrderController: No user is found with username 'test'
2021-05-18 21:32:20,215 INFO c.e.d.c.OrderController [main] OrderController: Fetching user by username 'test'
2021-05-18 21:32:20,216 ERROR c.e.d.c.OrderController [main] OrderController: No user is found with username 'test'
2021-05-18 21:32:20,226 INFO c.e.d.c.OrderController [main] OrderController: Fetching user by username 'test'
2021-05-18 21:32:20,227 INFO c.e.d.c.OrderController [main] OrderController: Fetching orders by username 'test'
2021-05-18 21:32:20,241 INFO c.e.d.c.OrderController [main] OrderController: Fetching user by username 'test1'
2021-05-18 21:32:20,255 INFO c.e.d.c.OrderController [main] OrderController: order submitted!
2021-05-18 21:32:30,576 INFO c.e.d.c.UserController [main] UserController: Username set with 
2021-05-18 21:32:30,592 INFO c.e.d.c.UserController [main] UserController: Cart set for user
2021-05-18 21:32:30,597 INFO c.e.d.c.UserController [main] UserController: Password set for user!
2021-05-18 21:32:30,602 INFO c.e.d.c.UserController [main] UserController: Username set with 
2021-05-18 21:32:30,602 INFO c.e.d.c.UserController [main] UserController: Cart set for user
2021-05-18 21:32:30,602 WARN c.e.d.c.UserController [main] UserController: weak or mismatched password!
2021-05-18 21:32:30,608 INFO c.e.d.c.UserController [main] UserController: Username set with 
2021-05-18 21:32:30,609 INFO c.e.d.c.UserController [main] UserController: Cart set for user
2021-05-18 21:32:30,610 WARN c.e.d.c.UserController [main] UserController: weak or mismatched password!
2021-05-18 21:32:30,620 INFO c.e.d.c.UserController [main] UserController: Username set with 
2021-05-18 21:32:30,621 INFO c.e.d.c.UserController [main] UserController: Cart set for user
2021-05-18 21:32:30,622 INFO c.e.d.c.UserController [main] UserController: Password set for user!
2021-05-18 21:32:30,629 INFO c.e.d.c.UserController [main] UserController: Fetching user by username 'test4'
2021-05-18 21:32:30,637 INFO c.e.d.c.UserController [main] UserController: Fetching user by username 'invalid'
2021-05-18 21:32:30,637 ERROR c.e.d.c.UserController [main] UserController: No user is found with username 'invalid'
2021-05-18 21:32:30,643 INFO c.e.d.c.UserController [main] UserController: Username set with 
2021-05-18 21:32:30,643 INFO c.e.d.c.UserController [main] UserController: Cart set for user
2021-05-18 21:32:30,644 INFO c.e.d.c.UserController [main] UserController: Password set for user!
2021-05-18 21:32:39,443 INFO c.e.d.GordonApplicationTests [main] Starting GordonApplicationTests on Gordons-MacBook-Pro.local with PID 55771 (started by gordonli in /Users/gordonli/Desktop/ecommerce-app-backend/starter_code)
2021-05-18 21:32:39,452 DEBUG c.e.d.GordonApplicationTests [main] Running with Spring Boot v2.1.5.RELEASE, Spring v5.1.7.RELEASE
2021-05-18 21:32:39,454 INFO c.e.d.GordonApplicationTests [main] No active profile set, falling back to default profiles: default
2021-05-18 21:32:50,253 INFO c.e.d.GordonApplicationTests [main] Started GordonApplicationTests in 11.168 seconds (JVM running for 15.139)
